<?xml version="1.0" encoding="UTF-8"?>
<testsuite xmlns:xsi="http://www.w3.org/2001/XMLSchema-instance" xsi:noNamespaceSchemaLocation="https://maven.apache.org/surefire/maven-surefire-plugin/xsd/surefire-test-report.xsd" name="MyClassTest" time="0.042" tests="2" errors="0" skipped="0" failures="0">
  <properties>
    <property name="sun.desktop" value="windows"/>
    <property name="awt.toolkit" value="sun.awt.windows.WToolkit"/>
    <property name="file.encoding.pkg" value="sun.io"/>
    <property name="java.specification.version" value="1.8"/>
    <property name="sun.cpu.isalist" value="amd64"/>
    <property name="sun.jnu.encoding" value="Cp1252"/>
    <property name="java.class.path" value="C:\Users\IXL1KOR\.m2\repository\org\apache\maven\surefire\surefire-booter\2.22.0\surefire-booter-2.22.0.jar;C:\Users\IXL1KOR\.m2\repository\org\apache\maven\surefire\surefire-api\2.22.0\surefire-api-2.22.0.jar;C:\Users\IXL1KOR\.m2\repository\org\apache\maven\surefire\surefire-logger-api\2.22.0\surefire-logger-api-2.22.0.jar;C:\Users\IXL1KOR\Documents\NetBeansProjects\Session\target\test-classes;C:\Users\IXL1KOR\Documents\NetBeansProjects\Session\target\classes;C:\Users\IXL1KOR\.m2\repository\org\netbeans\api\org-openide-util\RELEASE113\org-openide-util-RELEASE113.jar;C:\Users\IXL1KOR\.m2\repository\org\netbeans\api\org-openide-util-lookup\RELEASE113\org-openide-util-lookup-RELEASE113.jar;C:\Users\IXL1KOR\.m2\repository\commons-io\commons-io\2.11.0\commons-io-2.11.0.jar;C:\Users\IXL1KOR\.m2\repository\org\apache\logging\log4j\log4j-core\2.17.1\log4j-core-2.17.1.jar;C:\Users\IXL1KOR\.m2\repository\org\apache\logging\log4j\log4j-api\2.17.1\log4j-api-2.17.1.jar;C:\Users\IXL1KOR\.m2\repository\org\apache\poi\poi\5.2.2\poi-5.2.2.jar;C:\Users\IXL1KOR\.m2\repository\commons-codec\commons-codec\1.15\commons-codec-1.15.jar;C:\Users\IXL1KOR\.m2\repository\org\apache\commons\commons-collections4\4.4\commons-collections4-4.4.jar;C:\Users\IXL1KOR\.m2\repository\org\apache\commons\commons-math3\3.6.1\commons-math3-3.6.1.jar;C:\Users\IXL1KOR\.m2\repository\com\zaxxer\SparseBitSet\1.2\SparseBitSet-1.2.jar;C:\Users\IXL1KOR\.m2\repository\org\apache\poi\poi-ooxml\5.2.2\poi-ooxml-5.2.2.jar;C:\Users\IXL1KOR\.m2\repository\org\apache\poi\poi-ooxml-lite\5.2.2\poi-ooxml-lite-5.2.2.jar;C:\Users\IXL1KOR\.m2\repository\org\apache\xmlbeans\xmlbeans\5.0.3\xmlbeans-5.0.3.jar;C:\Users\IXL1KOR\.m2\repository\xml-apis\xml-apis\1.4.01\xml-apis-1.4.01.jar;C:\Users\IXL1KOR\.m2\repository\org\apache\commons\commons-compress\1.21\commons-compress-1.21.jar;C:\Users\IXL1KOR\.m2\repository\com\github\virtuald\curvesapi\1.07\curvesapi-1.07.jar;C:\Users\IXL1KOR\.m2\repository\commons-beanutils\commons-beanutils\1.9.4\commons-beanutils-1.9.4.jar;C:\Users\IXL1KOR\.m2\repository\commons-logging\commons-logging\1.2\commons-logging-1.2.jar;C:\Users\IXL1KOR\.m2\repository\commons-collections\commons-collections\3.2.2\commons-collections-3.2.2.jar;C:\Users\IXL1KOR\.m2\repository\junit\junit\4.13.2\junit-4.13.2.jar;C:\Users\IXL1KOR\.m2\repository\org\hamcrest\hamcrest-core\1.3\hamcrest-core-1.3.jar;C:\Users\IXL1KOR\.m2\repository\javax\mail\javax.mail-api\1.6.2\javax.mail-api-1.6.2.jar;C:\Users\IXL1KOR\.m2\repository\com\sun\mail\javax.mail\1.6.2\javax.mail-1.6.2.jar;C:\Users\IXL1KOR\.m2\repository\javax\activation\activation\1.1\activation-1.1.jar;C:\Users\IXL1KOR\.m2\repository\org\mockito\mockito-core\4.0.0\mockito-core-4.0.0.jar;C:\Users\IXL1KOR\.m2\repository\net\bytebuddy\byte-buddy\1.11.19\byte-buddy-1.11.19.jar;C:\Users\IXL1KOR\.m2\repository\net\bytebuddy\byte-buddy-agent\1.11.19\byte-buddy-agent-1.11.19.jar;C:\Users\IXL1KOR\.m2\repository\org\objenesis\objenesis\3.2\objenesis-3.2.jar;C:\Users\IXL1KOR\.m2\repository\org\mockito\mockito-junit-jupiter\4.0.0\mockito-junit-jupiter-4.0.0.jar;C:\Users\IXL1KOR\.m2\repository\org\junit\jupiter\junit-jupiter-api\5.8.2\junit-jupiter-api-5.8.2.jar;C:\Users\IXL1KOR\.m2\repository\org\opentest4j\opentest4j\1.2.0\opentest4j-1.2.0.jar;C:\Users\IXL1KOR\.m2\repository\org\junit\platform\junit-platform-commons\1.8.2\junit-platform-commons-1.8.2.jar;C:\Users\IXL1KOR\.m2\repository\org\apiguardian\apiguardian-api\1.1.2\apiguardian-api-1.1.2.jar;C:\Users\IXL1KOR\.m2\repository\org\apache\maven\surefire\surefire-junit4\2.22.0\surefire-junit4-2.22.0.jar"/>
    <property name="java.vm.vendor" value="Red Hat, Inc."/>
    <property name="sun.arch.data.model" value="64"/>
    <property name="user.variant" value=""/>
    <property name="java.vendor.url" value="https://access.redhat.com/"/>
    <property name="user.timezone" value="Asia/Calcutta"/>
    <property name="java.vm.specification.version" value="1.8"/>
    <property name="os.name" value="Windows 10"/>
    <property name="sun.java.launcher" value="SUN_STANDARD"/>
    <property name="user.country" value="IN"/>
    <property name="sun.boot.library.path" value="C:\Program Files\RedHat\java-1.8.0-openjdk\jre\bin"/>
    <property name="sun.java.command" value="org.apache.maven.surefire.booter.ForkedBooter C:\Users\IXL1KOR\AppData\Local\Temp\surefire1735516088915405114 2024-01-08T14-32-26_476-jvmRun1 surefire4989966999023452556tmp surefire_07348617616512501674tmp"/>
    <property name="surefire.test.class.path" value="C:\Users\IXL1KOR\Documents\NetBeansProjects\Session\target\test-classes;C:\Users\IXL1KOR\Documents\NetBeansProjects\Session\target\classes;C:\Users\IXL1KOR\.m2\repository\org\netbeans\api\org-openide-util\RELEASE113\org-openide-util-RELEASE113.jar;C:\Users\IXL1KOR\.m2\repository\org\netbeans\api\org-openide-util-lookup\RELEASE113\org-openide-util-lookup-RELEASE113.jar;C:\Users\IXL1KOR\.m2\repository\commons-io\commons-io\2.11.0\commons-io-2.11.0.jar;C:\Users\IXL1KOR\.m2\repository\org\apache\logging\log4j\log4j-core\2.17.1\log4j-core-2.17.1.jar;C:\Users\IXL1KOR\.m2\repository\org\apache\logging\log4j\log4j-api\2.17.1\log4j-api-2.17.1.jar;C:\Users\IXL1KOR\.m2\repository\org\apache\poi\poi\5.2.2\poi-5.2.2.jar;C:\Users\IXL1KOR\.m2\repository\commons-codec\commons-codec\1.15\commons-codec-1.15.jar;C:\Users\IXL1KOR\.m2\repository\org\apache\commons\commons-collections4\4.4\commons-collections4-4.4.jar;C:\Users\IXL1KOR\.m2\repository\org\apache\commons\commons-math3\3.6.1\commons-math3-3.6.1.jar;C:\Users\IXL1KOR\.m2\repository\com\zaxxer\SparseBitSet\1.2\SparseBitSet-1.2.jar;C:\Users\IXL1KOR\.m2\repository\org\apache\poi\poi-ooxml\5.2.2\poi-ooxml-5.2.2.jar;C:\Users\IXL1KOR\.m2\repository\org\apache\poi\poi-ooxml-lite\5.2.2\poi-ooxml-lite-5.2.2.jar;C:\Users\IXL1KOR\.m2\repository\org\apache\xmlbeans\xmlbeans\5.0.3\xmlbeans-5.0.3.jar;C:\Users\IXL1KOR\.m2\repository\xml-apis\xml-apis\1.4.01\xml-apis-1.4.01.jar;C:\Users\IXL1KOR\.m2\repository\org\apache\commons\commons-compress\1.21\commons-compress-1.21.jar;C:\Users\IXL1KOR\.m2\repository\com\github\virtuald\curvesapi\1.07\curvesapi-1.07.jar;C:\Users\IXL1KOR\.m2\repository\commons-beanutils\commons-beanutils\1.9.4\commons-beanutils-1.9.4.jar;C:\Users\IXL1KOR\.m2\repository\commons-logging\commons-logging\1.2\commons-logging-1.2.jar;C:\Users\IXL1KOR\.m2\repository\commons-collections\commons-collections\3.2.2\commons-collections-3.2.2.jar;C:\Users\IXL1KOR\.m2\repository\junit\junit\4.13.2\junit-4.13.2.jar;C:\Users\IXL1KOR\.m2\repository\org\hamcrest\hamcrest-core\1.3\hamcrest-core-1.3.jar;C:\Users\IXL1KOR\.m2\repository\javax\mail\javax.mail-api\1.6.2\javax.mail-api-1.6.2.jar;C:\Users\IXL1KOR\.m2\repository\com\sun\mail\javax.mail\1.6.2\javax.mail-1.6.2.jar;C:\Users\IXL1KOR\.m2\repository\javax\activation\activation\1.1\activation-1.1.jar;C:\Users\IXL1KOR\.m2\repository\org\mockito\mockito-core\4.0.0\mockito-core-4.0.0.jar;C:\Users\IXL1KOR\.m2\repository\net\bytebuddy\byte-buddy\1.11.19\byte-buddy-1.11.19.jar;C:\Users\IXL1KOR\.m2\repository\net\bytebuddy\byte-buddy-agent\1.11.19\byte-buddy-agent-1.11.19.jar;C:\Users\IXL1KOR\.m2\repository\org\objenesis\objenesis\3.2\objenesis-3.2.jar;C:\Users\IXL1KOR\.m2\repository\org\mockito\mockito-junit-jupiter\4.0.0\mockito-junit-jupiter-4.0.0.jar;C:\Users\IXL1KOR\.m2\repository\org\junit\jupiter\junit-jupiter-api\5.8.2\junit-jupiter-api-5.8.2.jar;C:\Users\IXL1KOR\.m2\repository\org\opentest4j\opentest4j\1.2.0\opentest4j-1.2.0.jar;C:\Users\IXL1KOR\.m2\repository\org\junit\platform\junit-platform-commons\1.8.2\junit-platform-commons-1.8.2.jar;C:\Users\IXL1KOR\.m2\repository\org\apiguardian\apiguardian-api\1.1.2\apiguardian-api-1.1.2.jar;"/>
    <property name="sun.cpu.endian" value="little"/>
    <property name="user.home" value="C:\Users\IXL1KOR"/>
    <property name="user.language" value="en"/>
    <property name="java.specification.vendor" value="Oracle Corporation"/>
    <property name="java.home" value="C:\Program Files\RedHat\java-1.8.0-openjdk\jre"/>
    <property name="basedir" value="C:\Users\IXL1KOR\Documents\NetBeansProjects\Session"/>
    <property name="file.separator" value="\"/>
    <property name="line.separator" value="&#10;"/>
    <property name="java.vm.specification.vendor" value="Oracle Corporation"/>
    <property name="java.specification.name" value="Java Platform API Specification"/>
    <property name="java.awt.graphicsenv" value="sun.awt.Win32GraphicsEnvironment"/>
    <property name="sun.boot.class.path" value="C:\Program Files\RedHat\java-1.8.0-openjdk\jre\lib\resources.jar;C:\Program Files\RedHat\java-1.8.0-openjdk\jre\lib\rt.jar;C:\Program Files\RedHat\java-1.8.0-openjdk\jre\lib\sunrsasign.jar;C:\Program Files\RedHat\java-1.8.0-openjdk\jre\lib\jsse.jar;C:\Program Files\RedHat\java-1.8.0-openjdk\jre\lib\jce.jar;C:\Program Files\RedHat\java-1.8.0-openjdk\jre\lib\charsets.jar;C:\Program Files\RedHat\java-1.8.0-openjdk\jre\lib\jfr.jar;C:\Program Files\RedHat\java-1.8.0-openjdk\jre\classes"/>
    <property name="user.script" value=""/>
    <property name="sun.management.compiler" value="HotSpot 64-Bit Tiered Compilers"/>
    <property name="java.runtime.version" value="1.8.0_372-b07"/>
    <property name="user.name" value="IXL1KOR"/>
    <property name="path.separator" value=";"/>
    <property name="os.version" value="10.0"/>
    <property name="java.endorsed.dirs" value="C:\Program Files\RedHat\java-1.8.0-openjdk\jre\lib\endorsed"/>
    <property name="java.runtime.name" value="OpenJDK Runtime Environment"/>
    <property name="file.encoding" value="UTF-8"/>
    <property name="java.vm.name" value="OpenJDK 64-Bit Server VM"/>
    <property name="maven.ext.class.path" value="C:\Program Files\NetBeans-13\netbeans\java\maven-nblib\netbeans-eventspy.jar"/>
    <property name="localRepository" value="C:\Users\IXL1KOR\.m2\repository"/>
    <property name="java.vendor.url.bug" value="https://bugzilla.redhat.com/enter_bug.cgi"/>
    <property name="java.io.tmpdir" value="C:\Users\IXL1KOR\AppData\Local\Temp\"/>
    <property name="java.version" value="1.8.0_372"/>
    <property name="user.dir" value="C:\Users\IXL1KOR\Documents\NetBeansProjects\Session"/>
    <property name="os.arch" value="amd64"/>
    <property name="java.vm.specification.name" value="Java Virtual Machine Specification"/>
    <property name="java.awt.printerjob" value="sun.awt.windows.WPrinterJob"/>
    <property name="sun.os.patch.level" value=""/>
    <property name="java.library.path" value="C:\Program Files\RedHat\java-1.8.0-openjdk\jre\bin;C:\WINDOWS\Sun\Java\bin;C:\WINDOWS\system32;C:\WINDOWS;C:\Users\IXL1KOR\AppData\Local\Programs\Python\Python310\;C:\Users\IXL1KOR\AppData\Local\Programs\Python\Python310\Scripts\;C:\Program Files (x86)\RedHat\java-1.8.0-openjdk\bin;C:\Program Files\RedHat\java-1.8.0-openjdk\bin;C:\Program Files\RedHat\java-1.8.0-openjdk\webstart\;C:\Program Files\RedHat\java-1.8.0-openjdk\jre\bin;C:\Program Files\RedHat\java-1.8.0-openjdk\missioncontrol\;C:\Program Files\java\jdk-19\bin;C:\Program Files (x86)\RedHat\java-1.8.0-openjdk\jre\bin;C:\Program Files\Common Files\Oracle\Java\javapath;C:\WINDOWS\system32;C:\WINDOWS;C:\WINDOWS\System32\Wbem;C:\WINDOWS\System32\WindowsPowerShell\v1.0\;C:\WINDOWS\System32\OpenSSH\;C:\Program Files\dotnet\;C:\Program Files\7-Zip;C:\Program Files\Git\cmd;C:\Program Files (x86)\Microsoft SQL Server\150\Tools\Binn\;C:\Program Files\Microsoft SQL Server\150\Tools\Binn\;C:\Program Files (x86)\Microsoft SQL Server\150\DTS\Binn\;C:\Program Files\Microsoft SQL Server\150\DTS\Binn\;C:\Program Files\Microsoft SQL Server\Client SDK\ODBC\170\Tools\Binn\;C:\Program Files\Anaconda3\condabin;C:\Program Files\nodejs\;C:\Program Files\Microsoft SQL Server\130\Tools\Binn\;C:\Program Files (x86)\RedHat\java-1.8.0-openjdk\webstart\;C:\Program Files\CMake\bin;C:\Program Files\TortoiseSVN\bin;C:\Users\IXL1KOR\AppData\Local\Microsoft\WindowsApps;C:\Users\IXL1KOR\AppData\Roaming\npm;C:\Users\IXL1KOR\Documents\apache-maven-3.6.3\bin;;C:\Program Files\JetBrains\PyCharm 2023.1.4\bin;;C:\Users\IXL1KOR\AppData\Local\Programs\Microsoft VS Code\bin;."/>
    <property name="java.vm.info" value="mixed mode"/>
    <property name="java.vendor" value="Red Hat, Inc."/>
    <property name="java.vm.version" value="25.372-b07"/>
    <property name="java.specification.maintenance.version" value="4"/>
    <property name="java.ext.dirs" value="C:\Program Files\RedHat\java-1.8.0-openjdk\jre\lib\ext;C:\WINDOWS\Sun\Java\lib\ext"/>
    <property name="sun.io.unicode.encoding" value="UnicodeLittle"/>
    <property name="java.class.version" value="52.0"/>
  </properties>
  <testcase name="testMultiply" classname="MyClassTest" time="0"/>
  <testcase name="testExceptionIsThrown" classname="MyClassTest" time="0.042"/>
</testsuite>